2025-09-13 17:04:17,874 [Worker-4: Loading available Gradle versions] INFO  o.e.b.c.i.u.g.PublishedGradleVersions - Gradle version information cache is up-to-date. Trying to read.
2025-09-13 17:05:22,531 [Worker-1: Launching mavenrun-fbbd0c47-5928-4eab-b91b-1956d2bd9e26] INFO  o.eclipse.m2e.core.internal.Bundles - getClasspathEntries(Bundle=org.eclipse.m2e.maven.runtime_3.9.600.20231203-1234 [299])
2025-09-13 17:05:22,535 [Worker-1: Launching mavenrun-fbbd0c47-5928-4eab-b91b-1956d2bd9e26] INFO  o.eclipse.m2e.core.internal.Bundles - 	Entry: C:\Users\rohit\.p2\pool\plugins\org.eclipse.m2e.maven.runtime_3.9.600.20231203-1234
2025-09-13 17:05:22,536 [Worker-1: Launching mavenrun-fbbd0c47-5928-4eab-b91b-1956d2bd9e26] INFO  o.eclipse.m2e.core.internal.Bundles - 	Entry: C:\Users\rohit\.p2\pool\plugins\org.eclipse.m2e.maven.runtime_3.9.600.20231203-1234\jars\aopalliance-1.0.jar
2025-09-13 17:05:22,536 [Worker-1: Launching mavenrun-fbbd0c47-5928-4eab-b91b-1956d2bd9e26] INFO  o.eclipse.m2e.core.internal.Bundles - 	Entry: C:\Users\rohit\.p2\pool\plugins\org.eclipse.m2e.maven.runtime_3.9.600.20231203-1234\jars\guice-5.1.0.jar
2025-09-13 17:05:22,537 [Worker-1: Launching mavenrun-fbbd0c47-5928-4eab-b91b-1956d2bd9e26] INFO  o.eclipse.m2e.core.internal.Bundles - 	Entry: C:\Users\rohit\.p2\pool\plugins\org.eclipse.m2e.maven.runtime_3.9.600.20231203-1234\jars\httpclient-4.5.14.jar
2025-09-13 17:05:22,537 [Worker-1: Launching mavenrun-fbbd0c47-5928-4eab-b91b-1956d2bd9e26] INFO  o.eclipse.m2e.core.internal.Bundles - 	Entry: C:\Users\rohit\.p2\pool\plugins\org.eclipse.m2e.maven.runtime_3.9.600.20231203-1234\jars\httpcore-4.4.16.jar
2025-09-13 17:05:22,537 [Worker-1: Launching mavenrun-fbbd0c47-5928-4eab-b91b-1956d2bd9e26] INFO  o.eclipse.m2e.core.internal.Bundles - 	Entry: C:\Users\rohit\.p2\pool\plugins\org.eclipse.m2e.maven.runtime_3.9.600.20231203-1234\jars\jansi-2.4.0.jar
2025-09-13 17:05:22,537 [Worker-1: Launching mavenrun-fbbd0c47-5928-4eab-b91b-1956d2bd9e26] INFO  o.eclipse.m2e.core.internal.Bundles - 	Entry: C:\Users\rohit\.p2\pool\plugins\org.eclipse.m2e.maven.runtime_3.9.600.20231203-1234\jars\jcl-over-slf4j-1.7.36.jar
2025-09-13 17:05:22,537 [Worker-1: Launching mavenrun-fbbd0c47-5928-4eab-b91b-1956d2bd9e26] INFO  o.eclipse.m2e.core.internal.Bundles - 	Entry: C:\Users\rohit\.p2\pool\plugins\org.eclipse.m2e.maven.runtime_3.9.600.20231203-1234\jars\maven-artifact-3.9.6.jar
2025-09-13 17:05:22,537 [Worker-1: Launching mavenrun-fbbd0c47-5928-4eab-b91b-1956d2bd9e26] INFO  o.eclipse.m2e.core.internal.Bundles - 	Entry: C:\Users\rohit\.p2\pool\plugins\org.eclipse.m2e.maven.runtime_3.9.600.20231203-1234\jars\maven-builder-support-3.9.6.jar
2025-09-13 17:05:22,538 [Worker-1: Launching mavenrun-fbbd0c47-5928-4eab-b91b-1956d2bd9e26] INFO  o.eclipse.m2e.core.internal.Bundles - 	Entry: C:\Users\rohit\.p2\pool\plugins\org.eclipse.m2e.maven.runtime_3.9.600.20231203-1234\jars\maven-compat-3.9.6.jar
2025-09-13 17:05:22,538 [Worker-1: Launching mavenrun-fbbd0c47-5928-4eab-b91b-1956d2bd9e26] INFO  o.eclipse.m2e.core.internal.Bundles - 	Entry: C:\Users\rohit\.p2\pool\plugins\org.eclipse.m2e.maven.runtime_3.9.600.20231203-1234\jars\maven-core-3.9.6.jar
2025-09-13 17:05:22,538 [Worker-1: Launching mavenrun-fbbd0c47-5928-4eab-b91b-1956d2bd9e26] INFO  o.eclipse.m2e.core.internal.Bundles - 	Entry: C:\Users\rohit\.p2\pool\plugins\org.eclipse.m2e.maven.runtime_3.9.600.20231203-1234\jars\maven-embedder-3.9.6.jar
2025-09-13 17:05:22,538 [Worker-1: Launching mavenrun-fbbd0c47-5928-4eab-b91b-1956d2bd9e26] INFO  o.eclipse.m2e.core.internal.Bundles - 	Entry: C:\Users\rohit\.p2\pool\plugins\org.eclipse.m2e.maven.runtime_3.9.600.20231203-1234\jars\maven-model-3.9.6.jar
2025-09-13 17:05:22,538 [Worker-1: Launching mavenrun-fbbd0c47-5928-4eab-b91b-1956d2bd9e26] INFO  o.eclipse.m2e.core.internal.Bundles - 	Entry: C:\Users\rohit\.p2\pool\plugins\org.eclipse.m2e.maven.runtime_3.9.600.20231203-1234\jars\maven-model-builder-3.9.6.jar
2025-09-13 17:05:22,539 [Worker-1: Launching mavenrun-fbbd0c47-5928-4eab-b91b-1956d2bd9e26] INFO  o.eclipse.m2e.core.internal.Bundles - 	Entry: C:\Users\rohit\.p2\pool\plugins\org.eclipse.m2e.maven.runtime_3.9.600.20231203-1234\jars\maven-plugin-api-3.9.6.jar
2025-09-13 17:05:22,539 [Worker-1: Launching mavenrun-fbbd0c47-5928-4eab-b91b-1956d2bd9e26] INFO  o.eclipse.m2e.core.internal.Bundles - 	Entry: C:\Users\rohit\.p2\pool\plugins\org.eclipse.m2e.maven.runtime_3.9.600.20231203-1234\jars\maven-repository-metadata-3.9.6.jar
2025-09-13 17:05:22,539 [Worker-1: Launching mavenrun-fbbd0c47-5928-4eab-b91b-1956d2bd9e26] INFO  o.eclipse.m2e.core.internal.Bundles - 	Entry: C:\Users\rohit\.p2\pool\plugins\org.eclipse.m2e.maven.runtime_3.9.600.20231203-1234\jars\maven-resolver-api-1.9.18.jar
2025-09-13 17:05:22,539 [Worker-1: Launching mavenrun-fbbd0c47-5928-4eab-b91b-1956d2bd9e26] INFO  o.eclipse.m2e.core.internal.Bundles - 	Entry: C:\Users\rohit\.p2\pool\plugins\org.eclipse.m2e.maven.runtime_3.9.600.20231203-1234\jars\maven-resolver-connector-basic-1.9.18.jar
2025-09-13 17:05:22,539 [Worker-1: Launching mavenrun-fbbd0c47-5928-4eab-b91b-1956d2bd9e26] INFO  o.eclipse.m2e.core.internal.Bundles - 	Entry: C:\Users\rohit\.p2\pool\plugins\org.eclipse.m2e.maven.runtime_3.9.600.20231203-1234\jars\maven-resolver-impl-1.9.18.jar
2025-09-13 17:05:22,539 [Worker-1: Launching mavenrun-fbbd0c47-5928-4eab-b91b-1956d2bd9e26] INFO  o.eclipse.m2e.core.internal.Bundles - 	Entry: C:\Users\rohit\.p2\pool\plugins\org.eclipse.m2e.maven.runtime_3.9.600.20231203-1234\jars\maven-resolver-named-locks-1.9.18.jar
2025-09-13 17:05:22,540 [Worker-1: Launching mavenrun-fbbd0c47-5928-4eab-b91b-1956d2bd9e26] INFO  o.eclipse.m2e.core.internal.Bundles - 	Entry: C:\Users\rohit\.p2\pool\plugins\org.eclipse.m2e.maven.runtime_3.9.600.20231203-1234\jars\maven-resolver-provider-3.9.6.jar
2025-09-13 17:05:22,540 [Worker-1: Launching mavenrun-fbbd0c47-5928-4eab-b91b-1956d2bd9e26] INFO  o.eclipse.m2e.core.internal.Bundles - 	Entry: C:\Users\rohit\.p2\pool\plugins\org.eclipse.m2e.maven.runtime_3.9.600.20231203-1234\jars\maven-resolver-spi-1.9.18.jar
2025-09-13 17:05:22,540 [Worker-1: Launching mavenrun-fbbd0c47-5928-4eab-b91b-1956d2bd9e26] INFO  o.eclipse.m2e.core.internal.Bundles - 	Entry: C:\Users\rohit\.p2\pool\plugins\org.eclipse.m2e.maven.runtime_3.9.600.20231203-1234\jars\maven-resolver-transport-file-1.9.18.jar
2025-09-13 17:05:22,540 [Worker-1: Launching mavenrun-fbbd0c47-5928-4eab-b91b-1956d2bd9e26] INFO  o.eclipse.m2e.core.internal.Bundles - 	Entry: C:\Users\rohit\.p2\pool\plugins\org.eclipse.m2e.maven.runtime_3.9.600.20231203-1234\jars\maven-resolver-transport-http-1.9.18.jar
2025-09-13 17:05:22,540 [Worker-1: Launching mavenrun-fbbd0c47-5928-4eab-b91b-1956d2bd9e26] INFO  o.eclipse.m2e.core.internal.Bundles - 	Entry: C:\Users\rohit\.p2\pool\plugins\org.eclipse.m2e.maven.runtime_3.9.600.20231203-1234\jars\maven-resolver-transport-wagon-1.9.18.jar
2025-09-13 17:05:22,540 [Worker-1: Launching mavenrun-fbbd0c47-5928-4eab-b91b-1956d2bd9e26] INFO  o.eclipse.m2e.core.internal.Bundles - 	Entry: C:\Users\rohit\.p2\pool\plugins\org.eclipse.m2e.maven.runtime_3.9.600.20231203-1234\jars\maven-resolver-util-1.9.18.jar
2025-09-13 17:05:22,541 [Worker-1: Launching mavenrun-fbbd0c47-5928-4eab-b91b-1956d2bd9e26] INFO  o.eclipse.m2e.core.internal.Bundles - 	Entry: C:\Users\rohit\.p2\pool\plugins\org.eclipse.m2e.maven.runtime_3.9.600.20231203-1234\jars\maven-settings-3.9.6.jar
2025-09-13 17:05:22,541 [Worker-1: Launching mavenrun-fbbd0c47-5928-4eab-b91b-1956d2bd9e26] INFO  o.eclipse.m2e.core.internal.Bundles - 	Entry: C:\Users\rohit\.p2\pool\plugins\org.eclipse.m2e.maven.runtime_3.9.600.20231203-1234\jars\maven-settings-builder-3.9.6.jar
2025-09-13 17:05:22,541 [Worker-1: Launching mavenrun-fbbd0c47-5928-4eab-b91b-1956d2bd9e26] INFO  o.eclipse.m2e.core.internal.Bundles - 	Entry: C:\Users\rohit\.p2\pool\plugins\org.eclipse.m2e.maven.runtime_3.9.600.20231203-1234\jars\maven-shared-utils-3.3.4.jar
2025-09-13 17:05:22,541 [Worker-1: Launching mavenrun-fbbd0c47-5928-4eab-b91b-1956d2bd9e26] INFO  o.eclipse.m2e.core.internal.Bundles - 	Entry: C:\Users\rohit\.p2\pool\plugins\org.eclipse.m2e.maven.runtime_3.9.600.20231203-1234\jars\org.eclipse.sisu.inject-0.9.0.M2.jar
2025-09-13 17:05:22,541 [Worker-1: Launching mavenrun-fbbd0c47-5928-4eab-b91b-1956d2bd9e26] INFO  o.eclipse.m2e.core.internal.Bundles - 	Entry: C:\Users\rohit\.p2\pool\plugins\org.eclipse.m2e.maven.runtime_3.9.600.20231203-1234\jars\org.eclipse.sisu.plexus-0.9.0.M2.jar
2025-09-13 17:05:22,541 [Worker-1: Launching mavenrun-fbbd0c47-5928-4eab-b91b-1956d2bd9e26] INFO  o.eclipse.m2e.core.internal.Bundles - 	Entry: C:\Users\rohit\.p2\pool\plugins\org.eclipse.m2e.maven.runtime_3.9.600.20231203-1234\jars\plexus-build-api-0.0.7.jar
2025-09-13 17:05:22,542 [Worker-1: Launching mavenrun-fbbd0c47-5928-4eab-b91b-1956d2bd9e26] INFO  o.eclipse.m2e.core.internal.Bundles - 	Entry: C:\Users\rohit\.p2\pool\plugins\org.eclipse.m2e.maven.runtime_3.9.600.20231203-1234\jars\plexus-cipher-2.0.jar
2025-09-13 17:05:22,542 [Worker-1: Launching mavenrun-fbbd0c47-5928-4eab-b91b-1956d2bd9e26] INFO  o.eclipse.m2e.core.internal.Bundles - 	Entry: C:\Users\rohit\.p2\pool\plugins\org.eclipse.m2e.maven.runtime_3.9.600.20231203-1234\jars\plexus-classworlds-2.7.0.jar
2025-09-13 17:05:22,542 [Worker-1: Launching mavenrun-fbbd0c47-5928-4eab-b91b-1956d2bd9e26] INFO  o.eclipse.m2e.core.internal.Bundles - 	Entry: C:\Users\rohit\.p2\pool\plugins\org.eclipse.m2e.maven.runtime_3.9.600.20231203-1234\jars\plexus-component-annotations-2.1.0.jar
2025-09-13 17:05:22,542 [Worker-1: Launching mavenrun-fbbd0c47-5928-4eab-b91b-1956d2bd9e26] INFO  o.eclipse.m2e.core.internal.Bundles - 	Entry: C:\Users\rohit\.p2\pool\plugins\org.eclipse.m2e.maven.runtime_3.9.600.20231203-1234\jars\plexus-interpolation-1.26.jar
2025-09-13 17:05:22,542 [Worker-1: Launching mavenrun-fbbd0c47-5928-4eab-b91b-1956d2bd9e26] INFO  o.eclipse.m2e.core.internal.Bundles - 	Entry: C:\Users\rohit\.p2\pool\plugins\org.eclipse.m2e.maven.runtime_3.9.600.20231203-1234\jars\plexus-sec-dispatcher-2.0.jar
2025-09-13 17:05:22,542 [Worker-1: Launching mavenrun-fbbd0c47-5928-4eab-b91b-1956d2bd9e26] INFO  o.eclipse.m2e.core.internal.Bundles - 	Entry: C:\Users\rohit\.p2\pool\plugins\org.eclipse.m2e.maven.runtime_3.9.600.20231203-1234\jars\plexus-utils-3.5.1.jar
2025-09-13 17:05:22,543 [Worker-1: Launching mavenrun-fbbd0c47-5928-4eab-b91b-1956d2bd9e26] INFO  o.eclipse.m2e.core.internal.Bundles - 	Entry: C:\Users\rohit\.p2\pool\plugins\org.eclipse.m2e.maven.runtime_3.9.600.20231203-1234\jars\wagon-file-3.5.3.jar
2025-09-13 17:05:22,543 [Worker-1: Launching mavenrun-fbbd0c47-5928-4eab-b91b-1956d2bd9e26] INFO  o.eclipse.m2e.core.internal.Bundles - 	Entry: C:\Users\rohit\.p2\pool\plugins\org.eclipse.m2e.maven.runtime_3.9.600.20231203-1234\jars\wagon-http-3.5.3.jar
2025-09-13 17:05:22,543 [Worker-1: Launching mavenrun-fbbd0c47-5928-4eab-b91b-1956d2bd9e26] INFO  o.eclipse.m2e.core.internal.Bundles - 	Entry: C:\Users\rohit\.p2\pool\plugins\org.eclipse.m2e.maven.runtime_3.9.600.20231203-1234\jars\wagon-http-shared-3.5.3.jar
2025-09-13 17:05:22,543 [Worker-1: Launching mavenrun-fbbd0c47-5928-4eab-b91b-1956d2bd9e26] INFO  o.eclipse.m2e.core.internal.Bundles - 	Entry: C:\Users\rohit\.p2\pool\plugins\org.eclipse.m2e.maven.runtime_3.9.600.20231203-1234\jars\wagon-provider-api-3.5.3.jar
2025-09-13 17:05:22,545 [Worker-1: Launching mavenrun-fbbd0c47-5928-4eab-b91b-1956d2bd9e26] INFO  o.eclipse.m2e.core.internal.Bundles - getClasspathEntries(Bundle=com.google.guava_33.0.0.jre [10])
2025-09-13 17:05:22,545 [Worker-1: Launching mavenrun-fbbd0c47-5928-4eab-b91b-1956d2bd9e26] INFO  o.eclipse.m2e.core.internal.Bundles - 	Entry: C:\Users\rohit\.p2\pool\plugins\com.google.guava_33.0.0.jre.jar
2025-09-13 17:05:22,545 [Worker-1: Launching mavenrun-fbbd0c47-5928-4eab-b91b-1956d2bd9e26] INFO  o.eclipse.m2e.core.internal.Bundles - getClasspathEntries(Bundle=slf4j.api_2.0.12 [521])
2025-09-13 17:05:22,546 [Worker-1: Launching mavenrun-fbbd0c47-5928-4eab-b91b-1956d2bd9e26] INFO  o.eclipse.m2e.core.internal.Bundles - 	Entry: C:\Users\rohit\.p2\pool\plugins\slf4j.api_2.0.12.jar
2025-09-13 17:05:22,546 [Worker-1: Launching mavenrun-fbbd0c47-5928-4eab-b91b-1956d2bd9e26] INFO  o.eclipse.m2e.core.internal.Bundles - getClasspathEntries(Bundle=jakarta.inject.jakarta.inject-api_1.0.5 [22])
2025-09-13 17:05:22,546 [Worker-1: Launching mavenrun-fbbd0c47-5928-4eab-b91b-1956d2bd9e26] INFO  o.eclipse.m2e.core.internal.Bundles - 	Entry: C:\Users\rohit\.p2\pool\plugins\jakarta.inject.jakarta.inject-api_1.0.5.jar
2025-09-13 17:05:22,546 [Worker-1: Launching mavenrun-fbbd0c47-5928-4eab-b91b-1956d2bd9e26] INFO  o.eclipse.m2e.core.internal.Bundles - getClasspathEntries(Bundle=jakarta.annotation-api_1.3.5 [20])
2025-09-13 17:05:22,547 [Worker-1: Launching mavenrun-fbbd0c47-5928-4eab-b91b-1956d2bd9e26] INFO  o.eclipse.m2e.core.internal.Bundles - 	Entry: C:\Users\rohit\.p2\pool\plugins\jakarta.annotation-api_1.3.5.jar
2025-09-13 17:05:22,547 [Worker-1: Launching mavenrun-fbbd0c47-5928-4eab-b91b-1956d2bd9e26] INFO  o.eclipse.m2e.core.internal.Bundles - getClasspathEntries(Bundle=org.apache.commons.cli_1.6.0 [46])
2025-09-13 17:05:22,547 [Worker-1: Launching mavenrun-fbbd0c47-5928-4eab-b91b-1956d2bd9e26] INFO  o.eclipse.m2e.core.internal.Bundles - 	Entry: C:\Users\rohit\.p2\pool\plugins\org.apache.commons.cli_1.6.0.jar
2025-09-13 17:05:22,547 [Worker-1: Launching mavenrun-fbbd0c47-5928-4eab-b91b-1956d2bd9e26] INFO  o.eclipse.m2e.core.internal.Bundles - getClasspathEntries(Bundle=org.apache.commons.commons-codec_1.16.0 [47])
2025-09-13 17:05:22,548 [Worker-1: Launching mavenrun-fbbd0c47-5928-4eab-b91b-1956d2bd9e26] INFO  o.eclipse.m2e.core.internal.Bundles - 	Entry: C:\Users\rohit\.p2\pool\plugins\org.apache.commons.commons-codec_1.16.0.jar
2025-09-13 17:05:22,548 [Worker-1: Launching mavenrun-fbbd0c47-5928-4eab-b91b-1956d2bd9e26] INFO  o.eclipse.m2e.core.internal.Bundles - getClasspathEntries(Bundle=org.apache.commons.lang3_3.14.0 [53])
2025-09-13 17:05:22,548 [Worker-1: Launching mavenrun-fbbd0c47-5928-4eab-b91b-1956d2bd9e26] INFO  o.eclipse.m2e.core.internal.Bundles - 	Entry: C:\Users\rohit\.p2\pool\plugins\org.apache.commons.lang3_3.14.0.jar
2025-09-13 17:05:22,548 [Worker-1: Launching mavenrun-fbbd0c47-5928-4eab-b91b-1956d2bd9e26] INFO  o.eclipse.m2e.core.internal.Bundles - getClasspathEntries(Bundle=com.google.guava.failureaccess_1.0.2 [11])
2025-09-13 17:05:22,549 [Worker-1: Launching mavenrun-fbbd0c47-5928-4eab-b91b-1956d2bd9e26] INFO  o.eclipse.m2e.core.internal.Bundles - 	Entry: C:\Users\rohit\.p2\pool\plugins\com.google.guava.failureaccess_1.0.2.jar
2025-09-13 17:05:22,558 [Worker-1: Launching mavenrun-fbbd0c47-5928-4eab-b91b-1956d2bd9e26] INFO  o.e.m.i.launch.MavenLaunchDelegate - Run build in "C:\Users\rohit\AppData\Local\Temp\m2e-archetypeGenerator16598249683810484378":
2025-09-13 17:05:22,563 [Worker-1: Launching mavenrun-fbbd0c47-5928-4eab-b91b-1956d2bd9e26] INFO  o.e.m.i.launch.MavenLaunchDelegate -  mvn  -DarchetypeGroupId=org.apache.maven.archetypes -DarchetypeArtifactId=maven-archetype-quickstart -DarchetypeVersion=1.4 -DgroupId=org.Portfolio -DartifactId=Portfolio-Tracker -Dversion=0.0.1-SNAPSHOT -Dpackage=org.Portfolio.Portfolio_Tracker -DoutputDirectory="D:\Projects\Portfolio Tracker" -Dstyle.color=always -U archetype:generate
2025-09-13 17:05:41,933 [Worker-6: Creating maven-archetype-quickstart] INFO  o.e.m.c.i.p.ProjectConfigurationManager - Collecting project info '/pom.xml' D:\Projects\Portfolio Tracker\Portfolio-Tracker\pom.xml
2025-09-13 17:05:42,613 [Worker-6: Creating maven-archetype-quickstart] INFO  o.e.m.c.i.l.LifecycleMappingFactory - Using org.eclipse.m2e.jdt.JarLifecycleMapping lifecycle mapping for MavenProject: org.Portfolio:Portfolio-Tracker:0.0.1-SNAPSHOT @ D:\Projects\Portfolio Tracker\Portfolio-Tracker\pom.xml.
2025-09-13 17:05:43,286 [Worker-6: Creating maven-archetype-quickstart] INFO  o.e.m.j.i.AbstractJavaProjectConfigurator - Adding source folder /Portfolio-Tracker/src/main/java
2025-09-13 17:05:43,288 [Worker-6: Creating maven-archetype-quickstart] INFO  o.e.m.j.i.AbstractJavaProjectConfigurator - Adding resource folder /Portfolio-Tracker/src/main/resources
2025-09-13 17:05:43,290 [Worker-6: Creating maven-archetype-quickstart] INFO  o.e.m.j.i.AbstractJavaProjectConfigurator - Adding source folder /Portfolio-Tracker/src/test/java
2025-09-13 17:05:43,291 [Worker-6: Creating maven-archetype-quickstart] INFO  o.e.m.j.i.AbstractJavaProjectConfigurator - Adding resource folder /Portfolio-Tracker/src/test/resources
2025-09-13 17:05:43,392 [Worker-6: Creating maven-archetype-quickstart] INFO  o.e.m.c.i.p.ProjectConfigurationManager - Imported and configured 1 project(s) in 1 sec
2025-09-13 17:05:44,689 [Worker-8: Building] INFO  o.e.m.c.i.embedder.EclipseLogger - Using 'UTF-8' encoding to copy filtered resources.
2025-09-13 17:05:44,689 [Worker-8: Building] INFO  o.e.m.c.i.embedder.EclipseLogger - skip non existing resourceDirectory D:\Projects\Portfolio Tracker\Portfolio-Tracker\src\main\resources
2025-09-13 17:05:44,695 [Worker-8: Building] INFO  o.e.m.c.i.embedder.EclipseLogger - Using 'UTF-8' encoding to copy filtered resources.
2025-09-13 17:05:44,695 [Worker-8: Building] INFO  o.e.m.c.i.embedder.EclipseLogger - skip non existing resourceDirectory D:\Projects\Portfolio Tracker\Portfolio-Tracker\src\test\resources
2025-09-13 17:10:44,942 [Worker-12: Building] ERROR o.e.m.c.i.p.r.ProjectRegistryManager - File not found: D:\Projects\Portfolio Tracker\Portfolio-Tracker\pom.xml.
org.eclipse.core.internal.resources.ResourceException: File not found: D:\Projects\Portfolio Tracker\Portfolio-Tracker\pom.xml.
	at org.eclipse.core.internal.localstore.FileSystemResourceManager.read(FileSystemResourceManager.java:877)
	at org.eclipse.core.internal.resources.File.getContents(File.java:299)
	at org.eclipse.core.internal.resources.File.getContents(File.java:290)
	at org.eclipse.m2e.core.internal.project.registry.ProjectRegistryManager.refreshPhase2(ProjectRegistryManager.java:585)
	at org.eclipse.m2e.core.internal.project.registry.ProjectRegistryManager.refresh(ProjectRegistryManager.java:487)
	at org.eclipse.m2e.core.internal.project.registry.ProjectRegistryManager.refresh(ProjectRegistryManager.java:366)
	at org.eclipse.m2e.core.internal.project.registry.ProjectRegistryManager.refresh(ProjectRegistryManager.java:318)
	at org.eclipse.m2e.core.internal.builder.MavenBuilder$BuildMethod.getProjectFacade(MavenBuilder.java:146)
	at org.eclipse.m2e.core.internal.builder.MavenBuilder$BuildMethod.lambda$0(MavenBuilder.java:84)
	at org.eclipse.m2e.core.internal.embedder.MavenExecutionContext.executeBare(MavenExecutionContext.java:458)
	at org.eclipse.m2e.core.internal.embedder.MavenExecutionContext.execute(MavenExecutionContext.java:339)
	at org.eclipse.m2e.core.internal.embedder.MavenExecutionContext.execute(MavenExecutionContext.java:278)
	at org.eclipse.m2e.core.internal.builder.MavenBuilder$BuildMethod.execute(MavenBuilder.java:83)
	at org.eclipse.m2e.core.internal.builder.MavenBuilder.build(MavenBuilder.java:192)
	at org.eclipse.core.internal.events.BuildManager$2.run(BuildManager.java:1077)
	at org.eclipse.core.runtime.SafeRunner.run(SafeRunner.java:47)
	at org.eclipse.core.internal.events.BuildManager.basicBuild(BuildManager.java:296)
	at org.eclipse.core.internal.events.BuildManager.basicBuild(BuildManager.java:352)
	at org.eclipse.core.internal.events.BuildManager$1.run(BuildManager.java:441)
	at org.eclipse.core.runtime.SafeRunner.run(SafeRunner.java:47)
	at org.eclipse.core.internal.events.BuildManager.basicBuild(BuildManager.java:444)
	at org.eclipse.core.internal.events.BuildManager.basicBuildLoop(BuildManager.java:555)
	at org.eclipse.core.internal.events.BuildManager.basicBuildLoop(BuildManager.java:503)
	at org.eclipse.core.internal.events.BuildManager.build(BuildManager.java:585)
	at org.eclipse.core.internal.events.AutoBuildJob.doBuild(AutoBuildJob.java:207)
	at org.eclipse.core.internal.events.AutoBuildJob.run(AutoBuildJob.java:300)
	at org.eclipse.core.internal.jobs.Worker.run(Worker.java:63)
Caused by: java.lang.Exception: File not found: D:\Projects\Portfolio Tracker\Portfolio-Tracker\pom.xml.
	at org.eclipse.core.internal.resources.ResourceException.provideStackTrace(ResourceException.java:42)
	at org.eclipse.core.internal.resources.ResourceException.<init>(ResourceException.java:38)
	... 27 common frames omitted
